Using pre-set license
Built from '2022.3/staging' branch; Version is '2022.3.26f1 (ec6cd8118806) revision 15494360'; Using compiler version '192829333'; Build Type 'Release'
OS: 'Windows 11  (10.0.22631) 64bit CoreSingleLanguage' Language: 'es' Physical Memory: 7883 MB
BatchMode: 1, IsHumanControllingUs: 0, StartBugReporterOnCrash: 0, Is64bit: 1, IsPro: 1

COMMAND LINE ARGUMENTS:
C:\Program Files\Unity\Hub\Editor\2022.3.26f1\Editor\Unity.exe
-adb2
-batchMode
-noUpm
-name
AssetImportWorker1
-projectPath
C:/Users/oscar/Desintox/MisionDesintoxicacion/Desintox
-logFile
Logs/AssetImportWorker1.log
-srvPort
51946
Successfully changed project path to: C:/Users/oscar/Desintox/MisionDesintoxicacion/Desintox
C:/Users/oscar/Desintox/MisionDesintoxicacion/Desintox
[UnityMemory] Configuration Parameters - Can be set up in boot.config
    "memorysetup-bucket-allocator-granularity=16"
    "memorysetup-bucket-allocator-bucket-count=8"
    "memorysetup-bucket-allocator-block-size=33554432"
    "memorysetup-bucket-allocator-block-count=8"
    "memorysetup-main-allocator-block-size=16777216"
    "memorysetup-thread-allocator-block-size=16777216"
    "memorysetup-gfx-main-allocator-block-size=16777216"
    "memorysetup-gfx-thread-allocator-block-size=16777216"
    "memorysetup-cache-allocator-block-size=4194304"
    "memorysetup-typetree-allocator-block-size=2097152"
    "memorysetup-profiler-bucket-allocator-granularity=16"
    "memorysetup-profiler-bucket-allocator-bucket-count=8"
    "memorysetup-profiler-bucket-allocator-block-size=33554432"
    "memorysetup-profiler-bucket-allocator-block-count=8"
    "memorysetup-profiler-allocator-block-size=16777216"
    "memorysetup-profiler-editor-allocator-block-size=1048576"
    "memorysetup-temp-allocator-size-main=16777216"
    "memorysetup-job-temp-allocator-block-size=2097152"
    "memorysetup-job-temp-allocator-block-size-background=1048576"
    "memorysetup-job-temp-allocator-reduction-small-platforms=262144"
    "memorysetup-allocator-temp-initial-block-size-main=262144"
    "memorysetup-allocator-temp-initial-block-size-worker=262144"
    "memorysetup-temp-allocator-size-background-worker=32768"
    "memorysetup-temp-allocator-size-job-worker=262144"
    "memorysetup-temp-allocator-size-preload-manager=33554432"
    "memorysetup-temp-allocator-size-nav-mesh-worker=65536"
    "memorysetup-temp-allocator-size-audio-worker=65536"
    "memorysetup-temp-allocator-size-cloud-worker=32768"
    "memorysetup-temp-allocator-size-gi-baking-worker=262144"
    "memorysetup-temp-allocator-size-gfx=262144"
Player connection [21456] Host "[IP] 192.168.1.91 [Port] 0 [Flags] 2 [Guid] 1619769347 [EditorId] 1619769347 [Version] 1048832 [Id] WindowsEditor(7,Delta) [Debug] 1 [PackageName] WindowsEditor [ProjectName] Editor" joined multi-casting on [225.0.0.222:54997]...

Player connection [21456] Host "[IP] 192.168.1.91 [Port] 0 [Flags] 2 [Guid] 1619769347 [EditorId] 1619769347 [Version] 1048832 [Id] WindowsEditor(7,Delta) [Debug] 1 [PackageName] WindowsEditor [ProjectName] Editor" joined alternative multi-casting on [225.0.0.222:34997]...

[Physics::Module] Initialized MultithreadedJobDispatcher with 7 workers.
Refreshing native plugins compatible for Editor in 83.86 ms, found 6 plugins.
Preloading 0 native plugins for Editor in 0.00 ms.
Initialize engine version: 2022.3.26f1 (ec6cd8118806)
[Subsystems] Discovering subsystems at path C:/Program Files/Unity/Hub/Editor/2022.3.26f1/Editor/Data/Resources/UnitySubsystems
[Subsystems] Discovering subsystems at path C:/Users/oscar/Desintox/MisionDesintoxicacion/Desintox/Assets
GfxDevice: creating device client; threaded=0; jobified=0
Direct3D:
    Version:  Direct3D 11.0 [level 11.1]
    Renderer: NVIDIA GeForce RTX 3060 Laptop GPU (ID=0x2520)
    Vendor:   NVIDIA
    VRAM:     5996 MB
    Driver:   32.0.15.5612
Initialize mono
Mono path[0] = 'C:/Program Files/Unity/Hub/Editor/2022.3.26f1/Editor/Data/Managed'
Mono path[1] = 'C:/Program Files/Unity/Hub/Editor/2022.3.26f1/Editor/Data/MonoBleedingEdge/lib/mono/unityjit-win32'
Mono config path = 'C:/Program Files/Unity/Hub/Editor/2022.3.26f1/Editor/Data/MonoBleedingEdge/etc'
Using monoOptions --debugger-agent=transport=dt_socket,embedding=1,server=y,suspend=n,address=127.0.0.1:56436
Begin MonoManager ReloadAssembly
Registering precompiled unity dll's ...
Register platform support module: C:/Program Files/Unity/Hub/Editor/2022.3.26f1/Editor/Data/PlaybackEngines/AndroidPlayer/UnityEditor.Android.Extensions.dll
Register platform support module: C:/Program Files/Unity/Hub/Editor/2022.3.26f1/Editor/Data/PlaybackEngines/iOSSupport/UnityEditor.iOS.Extensions.dll
Register platform support module: C:/Program Files/Unity/Hub/Editor/2022.3.26f1/Editor/Data/PlaybackEngines/WindowsStandaloneSupport/UnityEditor.WindowsStandalone.Extensions.dll
Registered in 0.018322 seconds.
- Loaded All Assemblies, in  0.808 seconds
Native extension for WindowsStandalone target not found
[usbmuxd] Start listen thread
[usbmuxd] Listen thread started
Native extension for iOS target not found
Native extension for Android target not found
Android Extension - Scanning For ADB Devices 995 ms
Mono: successfully reloaded assembly
- Finished resetting the current domain, in  1.654 seconds
Domain Reload Profiling: 2462ms
	BeginReloadAssembly (302ms)
		ExecutionOrderSort (0ms)
		DisableScriptedObjects (0ms)
		BackupInstance (0ms)
		ReleaseScriptingObjects (0ms)
		CreateAndSetChildDomain (2ms)
	RebuildCommonClasses (75ms)
	RebuildNativeTypeToScriptingClass (20ms)
	initialDomainReloadingComplete (120ms)
	LoadAllAssembliesAndSetupDomain (289ms)
		LoadAssemblies (302ms)
		RebuildTransferFunctionScriptingTraits (0ms)
		AnalyzeDomain (283ms)
			TypeCache.Refresh (279ms)
				TypeCache.ScanAssembly (249ms)
			ScanForSourceGeneratedMonoScriptInfo (1ms)
			ResolveRequiredComponents (2ms)
	FinalizeReload (1655ms)
		ReleaseScriptCaches (0ms)
		RebuildScriptCaches (0ms)
		SetupLoadedEditorAssemblies (1548ms)
			LogAssemblyErrors (0ms)
			InitializePlatformSupportModulesInManaged (1196ms)
			SetLoadedEditorAssemblies (9ms)
			RefreshPlugins (0ms)
			BeforeProcessingInitializeOnLoad (4ms)
			ProcessInitializeOnLoadAttributes (250ms)
			ProcessInitializeOnLoadMethodAttributes (87ms)
			AfterProcessingInitializeOnLoad (0ms)
			EditorAssembliesLoaded (0ms)
		ExecutionOrderSort2 (0ms)
		AwakeInstancesAfterBackupRestoration (0ms)
========================================================================
Worker process is ready to serve import requests
Begin MonoManager ReloadAssembly
Symbol file data-0000023B78B96C30 doesn't match image C:\Users\oscar\Desintox\MisionDesintoxicacion\Desintox\Library\ScriptAssemblies\Assembly-CSharp.dll
Symbol file LoadedFromMemory is not a mono symbol file
Symbol file data-0000023B78B96C30 doesn't match image C:\Users\oscar\Desintox\MisionDesintoxicacion\Desintox\Library\ScriptAssemblies\Unity.2D.IK.Runtime.dll
Symbol file LoadedFromMemory is not a mono symbol file
Symbol file data-0000023B788DD010 doesn't match image C:\Users\oscar\Desintox\MisionDesintoxicacion\Desintox\Library\ScriptAssemblies\FMODUnityEditor.dll
Symbol file LoadedFromMemory is not a mono symbol file
Symbol file data-0000023B78B9DC40 doesn't match image C:\Users\oscar\Desintox\MisionDesintoxicacion\Desintox\Library\ScriptAssemblies\Unity.InternalAPIEditorBridge.001.dll
Symbol file LoadedFromMemory is not a mono symbol file
Symbol file data-0000023B78B9DC40 doesn't match image C:\Users\oscar\Desintox\MisionDesintoxicacion\Desintox\Library\ScriptAssemblies\PsdPlugin.dll
Symbol file LoadedFromMemory is not a mono symbol file
Symbol file data-0000023B788F2420 doesn't match image C:\Users\oscar\Desintox\MisionDesintoxicacion\Desintox\Library\ScriptAssemblies\Unity.Burst.Editor.dll
Symbol file LoadedFromMemory is not a mono symbol file
Symbol file data-0000023B788F2420 doesn't match image C:\Users\oscar\Desintox\MisionDesintoxicacion\Desintox\Library\ScriptAssemblies\Unity.Burst.dll
Symbol file LoadedFromMemory is not a mono symbol file
Symbol file data-0000023B77EAF010 doesn't match image C:\Users\oscar\Desintox\MisionDesintoxicacion\Desintox\Library\ScriptAssemblies\Unity.PlasticSCM.Editor.dll
Symbol file LoadedFromMemory is not a mono symbol file
Symbol file data-0000023B337B2020 doesn't match image C:\Users\oscar\Desintox\MisionDesintoxicacion\Desintox\Library\ScriptAssemblies\Unity.Collections.BurstCompatibilityGen.dll
Symbol file LoadedFromMemory is not a mono symbol file
Symbol file data-0000023B78B9DC40 doesn't match image C:\Users\oscar\Desintox\MisionDesintoxicacion\Desintox\Library\ScriptAssemblies\Unity.2D.Common.Path.Editor.dll
Symbol file LoadedFromMemory is not a mono symbol file
Symbol file data-0000023B774D91D0 doesn't match image C:\Users\oscar\Desintox\MisionDesintoxicacion\Desintox\Library\ScriptAssemblies\Unity.Timeline.Editor.dll
Symbol file LoadedFromMemory is not a mono symbol file
Symbol file data-0000023B337B2020 doesn't match image C:\Users\oscar\Desintox\MisionDesintoxicacion\Desintox\Library\ScriptAssemblies\Unity.VisualScripting.Shared.Editor.dll
Symbol file LoadedFromMemory is not a mono symbol file
Symbol file data-0000023B337B2020 doesn't match image C:\Users\oscar\Desintox\MisionDesintoxicacion\Desintox\Library\ScriptAssemblies\Unity.CollabProxy.Editor.dll
Symbol file LoadedFromMemory is not a mono symbol file
Symbol file data-0000023B78B9DC40 doesn't match image C:\Users\oscar\Desintox\MisionDesintoxicacion\Desintox\Library\ScriptAssemblies\Unity.VisualStudio.Editor.dll
Symbol file LoadedFromMemory is not a mono symbol file
Symbol file data-0000023B78B9DC40 doesn't match image C:\Users\oscar\Desintox\MisionDesintoxicacion\Desintox\Library\ScriptAssemblies\UnityEditor.UI.dll
Symbol file LoadedFromMemory is not a mono symbol file
Symbol file data-0000023B77CD4020 doesn't match image C:\Users\oscar\Desintox\MisionDesintoxicacion\Desintox\Library\ScriptAssemblies\Unity.VisualScripting.Core.dll
Symbol file LoadedFromMemory is not a mono symbol file
Symbol file data-0000023B78917C40 doesn't match image C:\Users\oscar\Desintox\MisionDesintoxicacion\Desintox\Library\ScriptAssemblies\Unity.2D.Animation.Runtime.dll
Symbol file LoadedFromMemory is not a mono symbol file
Symbol file data-0000023B77B84C50 doesn't match image C:\Users\oscar\Desintox\MisionDesintoxicacion\Desintox\Library\ScriptAssemblies\Unity.Collections.DocCodeSamples.dll
Symbol file LoadedFromMemory is not a mono symbol file
Symbol file data-0000023B77B84C50 doesn't match image C:\Users\oscar\Desintox\MisionDesintoxicacion\Desintox\Library\ScriptAssemblies\Unity.2D.Tilemap.Extras.dll
Symbol file LoadedFromMemory is not a mono symbol file
Symbol file data-0000023B79460020 doesn't match image C:\Users\oscar\Desintox\MisionDesintoxicacion\Desintox\Library\ScriptAssemblies\Unity.VisualScripting.Core.Editor.dll
Symbol file LoadedFromMemory is not a mono symbol file
Symbol file data-0000023B78917C40 doesn't match image C:\Users\oscar\Desintox\MisionDesintoxicacion\Desintox\Library\ScriptAssemblies\Unity.Rider.Editor.dll
Symbol file LoadedFromMemory is not a mono symbol file
Symbol file data-0000023B77B84C50 doesn't match image C:\Users\oscar\Desintox\MisionDesintoxicacion\Desintox\Library\ScriptAssemblies\Unity.2D.PixelPerfect.Editor.dll
Symbol file LoadedFromMemory is not a mono symbol file
Symbol file data-0000023B78917C40 doesn't match image C:\Users\oscar\Desintox\MisionDesintoxicacion\Desintox\Library\ScriptAssemblies\Unity.2D.Aseprite.Common.dll
Symbol file LoadedFromMemory is not a mono symbol file
Symbol file data-0000023B78917C40 doesn't match image C:\Users\oscar\Desintox\MisionDesintoxicacion\Desintox\Library\ScriptAssemblies\FMODUnityResonance.dll
Symbol file LoadedFromMemory is not a mono symbol file
Symbol file data-0000023B77D01830 doesn't match image C:\Users\oscar\Desintox\MisionDesintoxicacion\Desintox\Library\ScriptAssemblies\Unity.2D.Sprite.Editor.dll
Symbol file LoadedFromMemory is not a mono symbol file
Symbol file data-0000023B775107E0 doesn't match image C:\Users\oscar\Desintox\MisionDesintoxicacion\Desintox\Library\ScriptAssemblies\UnityEditor.TestRunner.dll
Symbol file LoadedFromMemory is not a mono symbol file
Symbol file data-0000023B787C2010 doesn't match image C:\Users\oscar\Desintox\MisionDesintoxicacion\Desintox\Library\ScriptAssemblies\Unity.VisualScripting.Flow.dll
Symbol file LoadedFromMemory is not a mono symbol file
Symbol file data-0000023B77ED0A20 doesn't match image C:\Users\oscar\Desintox\MisionDesintoxicacion\Desintox\Library\ScriptAssemblies\Unity.VisualScripting.Flow.Editor.dll
Symbol file LoadedFromMemory is not a mono symbol file
Symbol file data-0000023B78917C40 doesn't match image C:\Users\oscar\Desintox\MisionDesintoxicacion\Desintox\Library\ScriptAssemblies\Unity.InternalAPIEngineBridge.001.dll
Symbol file LoadedFromMemory is not a mono symbol file
Symbol file data-0000023B794C2230 doesn't match image C:\Users\oscar\Desintox\MisionDesintoxicacion\Desintox\Library\ScriptAssemblies\Unity.Mathematics.Editor.dll
Symbol file LoadedFromMemory is not a mono symbol file
Symbol file data-0000023B794C2230 doesn't match image C:\Users\oscar\Desintox\MisionDesintoxicacion\Desintox\Library\ScriptAssemblies\Unity.2D.Common.Runtime.dll
Symbol file LoadedFromMemory is not a mono symbol file
Symbol file data-0000023B77ED0A20 doesn't match image C:\Users\oscar\Desintox\MisionDesintoxicacion\Desintox\Library\ScriptAssemblies\UnityEngine.UI.dll
Symbol file LoadedFromMemory is not a mono symbol file
Symbol file data-0000023B7751BDF0 doesn't match image C:\Users\oscar\Desintox\MisionDesintoxicacion\Desintox\Library\ScriptAssemblies\Unity.2D.Tilemap.Extras.Editor.dll
Symbol file LoadedFromMemory is not a mono symbol file
Symbol file data-0000023B78815020 doesn't match image C:\Users\oscar\Desintox\MisionDesintoxicacion\Desintox\Library\ScriptAssemblies\Unity.Timeline.dll
Symbol file LoadedFromMemory is not a mono symbol file
Symbol file data-0000023B794C2230 doesn't match image C:\Users\oscar\Desintox\MisionDesintoxicacion\Desintox\Library\ScriptAssemblies\Unity.VisualScripting.SettingsProvider.Editor.dll
Symbol file LoadedFromMemory is not a mono symbol file
Symbol file data-0000023B78815020 doesn't match image C:\Users\oscar\Desintox\MisionDesintoxicacion\Desintox\Library\ScriptAssemblies\Unity.Collections.dll
Symbol file LoadedFromMemory is not a mono symbol file
Symbol file data-0000023B78815020 doesn't match image C:\Users\oscar\Desintox\MisionDesintoxicacion\Desintox\Library\ScriptAssemblies\Unity.2D.Psdimporter.Editor.dll
Symbol file LoadedFromMemory is not a mono symbol file
Symbol file data-0000023B78815020 doesn't match image C:\Users\oscar\Desintox\MisionDesintoxicacion\Desintox\Library\ScriptAssemblies\FMODUnity.dll
Symbol file LoadedFromMemory is not a mono symbol file
Symbol file data-0000023B7751BDF0 doesn't match image C:\Users\oscar\Desintox\MisionDesintoxicacion\Desintox\Library\ScriptAssemblies\Unity.2D.SpriteShape.Runtime.dll
Symbol file LoadedFromMemory is not a mono symbol file
Symbol file data-0000023B7882FA30 doesn't match image C:\Users\oscar\Desintox\MisionDesintoxicacion\Desintox\Library\ScriptAssemblies\UnityEngine.TestRunner.dll
Symbol file LoadedFromMemory is not a mono symbol file
Symbol file data-0000023B7751BDF0 doesn't match image C:\Users\oscar\Desintox\MisionDesintoxicacion\Desintox\Library\ScriptAssemblies\Unity.VisualScripting.State.Editor.dll
Symbol file LoadedFromMemory is not a mono symbol file
Symbol file data-0000023B78F8F330 doesn't match image C:\Users\oscar\Desintox\MisionDesintoxicacion\Desintox\Library\ScriptAssemblies\FMODUnityResonanceEditor.dll
Symbol file LoadedFromMemory is not a mono symbol file
Symbol file data-0000023B78F8F330 doesn't match image C:\Users\oscar\Desintox\MisionDesintoxicacion\Desintox\Library\ScriptAssemblies\Unity.2D.PixelPerfect.dll
Symbol file LoadedFromMemory is not a mono symbol file
Symbol file data-0000023B78CCC640 doesn't match image C:\Users\oscar\Desintox\MisionDesintoxicacion\Desintox\Library\ScriptAssemblies\Unity.Mathematics.dll
Symbol file LoadedFromMemory is not a mono symbol file
Symbol file data-0000023B7882FA30 doesn't match image C:\Users\oscar\Desintox\MisionDesintoxicacion\Desintox\Library\ScriptAssemblies\Unity.2D.Common.Editor.dll
Symbol file LoadedFromMemory is not a mono symbol file
Symbol file data-0000023B79061430 doesn't match image C:\Users\oscar\Desintox\MisionDesintoxicacion\Desintox\Library\ScriptAssemblies\Unity.TextMeshPro.dll
Symbol file LoadedFromMemory is not a mono symbol file
Symbol file data-0000023B7882FA30 doesn't match image C:\Users\oscar\Desintox\MisionDesintoxicacion\Desintox\Library\ScriptAssemblies\Unity.TextMeshPro.Editor.dll
Symbol file LoadedFromMemory is not a mono symbol file
Symbol file data-0000023B7882FA30 doesn't match image C:\Users\oscar\Desintox\MisionDesintoxicacion\Desintox\Library\ScriptAssemblies\Unity.2D.Aseprite.Editor.dll
Symbol file LoadedFromMemory is not a mono symbol file
Symbol file data-0000023B78D05050 doesn't match image C:\Users\oscar\Desintox\MisionDesintoxicacion\Desintox\Library\ScriptAssemblies\Unity.Burst.CodeGen.dll
Symbol file LoadedFromMemory is not a mono symbol file
Symbol file data-0000023B78D05050 doesn't match image C:\Users\oscar\Desintox\MisionDesintoxicacion\Desintox\Library\ScriptAssemblies\Unity.VisualScripting.State.dll
Symbol file LoadedFromMemory is not a mono symbol file
Symbol file data-0000023B76F50080 doesn't match image C:\Users\oscar\Desintox\MisionDesintoxicacion\Desintox\Library\ScriptAssemblies\Unity.2D.SpriteShape.Editor.dll
Symbol file LoadedFromMemory is not a mono symbol file
Symbol file data-0000023B76F89090 doesn't match image C:\Users\oscar\Desintox\MisionDesintoxicacion\Desintox\Library\ScriptAssemblies\Unity.2D.Tilemap.Editor.dll
Symbol file LoadedFromMemory is not a mono symbol file
Symbol file data-0000023B76F89090 doesn't match image C:\Users\oscar\Desintox\MisionDesintoxicacion\Desintox\Library\ScriptAssemblies\Unity.2D.Animation.Editor.dll
Symbol file LoadedFromMemory is not a mono symbol file
Symbol file data-0000023B7908B640 doesn't match image C:\Users\oscar\Desintox\MisionDesintoxicacion\Desintox\Library\ScriptAssemblies\Unity.2D.IK.Editor.dll
Symbol file LoadedFromMemory is not a mono symbol file
- Loaded All Assemblies, in  1.700 seconds
Refreshing native plugins compatible for Editor in 53.49 ms, found 6 plugins.
Native extension for WindowsStandalone target not found
Native extension for iOS target not found
Native extension for Android target not found
Package Manager log level set to [2]
[Package Manager] Server::EnsureServerProcessIsRunning -- launch failed, reason: Unity was launched with the -noUpm command-line argument
[Package Manager] UpmClient::Send -- Unable to send message (not connected to UPM process).
[Package Manager] Cannot connect to Unity Package Manager local server
Mono: successfully reloaded assembly
- Finished resetting the current domain, in  1.465 seconds
Domain Reload Profiling: 3162ms
	BeginReloadAssembly (308ms)
		ExecutionOrderSort (0ms)
		DisableScriptedObjects (12ms)
		BackupInstance (0ms)
		ReleaseScriptingObjects (0ms)
		CreateAndSetChildDomain (54ms)
	RebuildCommonClasses (53ms)
	RebuildNativeTypeToScriptingClass (12ms)
	initialDomainReloadingComplete (66ms)
	LoadAllAssembliesAndSetupDomain (1258ms)
		LoadAssemblies (908ms)
		RebuildTransferFunctionScriptingTraits (0ms)
		AnalyzeDomain (525ms)
			TypeCache.Refresh (452ms)
				TypeCache.ScanAssembly (396ms)
			ScanForSourceGeneratedMonoScriptInfo (57ms)
			ResolveRequiredComponents (12ms)
	FinalizeReload (1466ms)
		ReleaseScriptCaches (0ms)
		RebuildScriptCaches (0ms)
		SetupLoadedEditorAssemblies (997ms)
			LogAssemblyErrors (0ms)
			InitializePlatformSupportModulesInManaged (95ms)
			SetLoadedEditorAssemblies (12ms)
			RefreshPlugins (0ms)
			BeforeProcessingInitializeOnLoad (139ms)
			ProcessInitializeOnLoadAttributes (675ms)
			ProcessInitializeOnLoadMethodAttributes (71ms)
			AfterProcessingInitializeOnLoad (5ms)
			EditorAssembliesLoaded (0ms)
		ExecutionOrderSort2 (0ms)
		AwakeInstancesAfterBackupRestoration (7ms)
Launched and connected shader compiler UnityShaderCompiler.exe after 0.09 seconds
Refreshing native plugins compatible for Editor in 23.77 ms, found 6 plugins.
Preloading 0 native plugins for Editor in 0.00 ms.
Unloading 4220 Unused Serialized files (Serialized files now loaded: 0)
Unloading 138 unused Assets / (369.8 KB). Loaded Objects now: 4611.
Memory consumption went from 155.2 MB to 154.9 MB.
Total: 16.250100 ms (FindLiveObjects: 0.936600 ms CreateObjectMapping: 1.093500 ms MarkObjects: 13.574600 ms  DeleteObjects: 0.638800 ms)

AssetImportParameters requested are different than current active one (requested -> active):
  custom:container-demuxer-ogg: 62fdf1f143b41e24485cea50d1cbac27 -> 
  custom:video-codec-MediaFoundation-h265: 746d11721c4dcdbdad8f713fa42b33f4 -> 
  custom:video-decoder-ogg-theora: a1e56fd34408186e4bbccfd4996cb3dc -> 
  custom:framework-win-MediaFoundation: 216162199b28c13a410421893ffa2e32 -> 
  custom:CustomObjectIndexerAttribute: 9a22284fe3817be447336de3de66b15e -> 
  custom:container-demuxer-webm: 4f35f7cbe854078d1ac9338744f61a02 -> 
  custom:container-muxer-webm: aa71ff27fc2769a1b78a27578f13a17b -> 
  custom:video-decoder-webm-vp8: 9c59270c3fd7afecdb556c50c9e8de78 -> 
  custom:SearchIndexIgnoredProperties: e643bd26f0fe6173181afceb89e7c659 -> 
  custom:AudioImporter_EditorPlatform: d09bf68614088b80899f8185d706f6e7 -> 
  custom:video-encoder-webm-vp8: eb34c28f22e8b96e1ab97ce403110664 -> 
  custom:audio-decoder-ogg-vorbis: bf7c407c2cedff20999df2af8eb42d56 -> 
  custom:audio-encoder-webm-vorbis: bf7c407c2cedff20999df2af8eb42d56 -> 
========================================================================
Received Import Request.
  Time since last request: 686120.334036 seconds.
  path: Assets/Scenes/NuevoJuego.unity
  artifactKey: Guid(8e773dd092ba8be48b7addd0a3132b4c) Importer(815301076,1909f56bfc062723c751e8b465ee728b)
Start importing Assets/Scenes/NuevoJuego.unity using Guid(8e773dd092ba8be48b7addd0a3132b4c) Importer(815301076,1909f56bfc062723c751e8b465ee728b)  -> (artifact id: 'b39ec3afd24d1ac92a5a7d6e039f8318') in 0.024652 seconds
Number of updated asset objects reloaded before import = 0
Number of asset objects unloaded after import = 0
